<?xml version="1.0" encoding="UTF-8"?>
<testng-results ignored="0" total="2" passed="2" failed="0" skipped="0">
  <reporter-output>
  </reporter-output>
  <suite started-at="2024-01-07T02:11:56 IST" name="Default suite" finished-at="2024-01-07T02:12:00 IST" duration-ms="3960">
    <groups>
    </groups>
    <test started-at="2024-01-07T02:11:56 IST" name="Default test" finished-at="2024-01-07T02:12:00 IST" duration-ms="3960">
      <class name="com.restAssuredFramework.testCaseClass.PutApiTest">
        <test-method is-config="true" signature="before()[pri:0, instance:com.restAssuredFramework.testCaseClass.PutApiTest@609e8838]" started-at="2024-01-07T02:11:56 IST" name="before" finished-at="2024-01-07T02:11:57 IST" duration-ms="664" status="PASS">
          <reporter-output>
          </reporter-output>
        </test-method> <!-- before -->
        <test-method is-config="true" signature="setup()[pri:0, instance:com.restAssuredFramework.testCaseClass.PutApiTest@609e8838]" started-at="2024-01-07T02:11:57 IST" name="setup" finished-at="2024-01-07T02:11:58 IST" depends-on-methods="com.restAssuredFramework.CommonClass.BaseClass.before" duration-ms="667" status="PASS">
          <reporter-output>
          </reporter-output>
        </test-method> <!-- setup -->
        <test-method signature="updateUser([Ljava.lang.String;)[pri:0, instance:com.restAssuredFramework.testCaseClass.PutApiTest@609e8838]" started-at="2024-01-07T02:11:58 IST" name="updateUser" data-provider="getDataFromExcel" finished-at="2024-01-07T02:12:00 IST" duration-ms="2126" status="PASS">
          <params>
            <param index="0">
              <value>
                <![CDATA[[Ljava.lang.String;@6e239337]]>
              </value>
            </param>
          </params>
          <reporter-output>
          </reporter-output>
        </test-method> <!-- updateUser -->
        <test-method signature="updateUser([Ljava.lang.String;)[pri:0, instance:com.restAssuredFramework.testCaseClass.PutApiTest@609e8838]" started-at="2024-01-07T02:12:00 IST" name="updateUser" data-provider="getDataFromExcel" finished-at="2024-01-07T02:12:00 IST" duration-ms="436" status="PASS">
          <params>
            <param index="0">
              <value>
                <![CDATA[[Ljava.lang.String;@7996d0d4]]>
              </value>
            </param>
          </params>
          <reporter-output>
          </reporter-output>
        </test-method> <!-- updateUser -->
      </class> <!-- com.restAssuredFramework.testCaseClass.PutApiTest -->
    </test> <!-- Default test -->
  </suite> <!-- Default suite -->
</testng-results>
