<?xml version="1.0" encoding="UTF-8"?>
<testng-results ignored="0" total="2" passed="2" failed="0" skipped="0">
  <reporter-output>
  </reporter-output>
  <suite started-at="2024-01-08T01:06:15 IST" name="Default suite" finished-at="2024-01-08T01:06:16 IST" duration-ms="1399">
    <groups>
    </groups>
    <test started-at="2024-01-08T01:06:15 IST" name="Default test" finished-at="2024-01-08T01:06:16 IST" duration-ms="1399">
      <class name="com.restAssuredFramework.testCaseClass.PostApiTest">
        <test-method is-config="true" signature="before()[pri:0, instance:com.restAssuredFramework.testCaseClass.PostApiTest@43df23d3]" started-at="2024-01-08T01:06:15 IST" name="before" finished-at="2024-01-08T01:06:15 IST" duration-ms="650" status="PASS">
          <reporter-output>
          </reporter-output>
        </test-method> <!-- before -->
        <test-method is-config="true" signature="setup()[pri:0, instance:com.restAssuredFramework.testCaseClass.PostApiTest@43df23d3]" started-at="2024-01-08T01:06:15 IST" name="setup" finished-at="2024-01-08T01:06:16 IST" depends-on-methods="com.restAssuredFramework.CommonClass.BaseClass.before" duration-ms="651" status="PASS">
          <reporter-output>
          </reporter-output>
        </test-method> <!-- setup -->
        <test-method signature="registerUser([Ljava.lang.String;)[pri:0, instance:com.restAssuredFramework.testCaseClass.PostApiTest@43df23d3]" started-at="2024-01-08T01:06:16 IST" name="registerUser" data-provider="getDataFromExcel" finished-at="2024-01-08T01:06:16 IST" duration-ms="4" status="PASS">
          <params>
            <param index="0">
              <value>
                <![CDATA[[Ljava.lang.String;@cb03411]]>
              </value>
            </param>
          </params>
          <reporter-output>
          </reporter-output>
        </test-method> <!-- registerUser -->
        <test-method signature="registerUser([Ljava.lang.String;)[pri:0, instance:com.restAssuredFramework.testCaseClass.PostApiTest@43df23d3]" started-at="2024-01-08T01:06:16 IST" name="registerUser" data-provider="getDataFromExcel" finished-at="2024-01-08T01:06:16 IST" duration-ms="1" status="PASS">
          <params>
            <param index="0">
              <value>
                <![CDATA[[Ljava.lang.String;@431f1eaf]]>
              </value>
            </param>
          </params>
          <reporter-output>
          </reporter-output>
        </test-method> <!-- registerUser -->
      </class> <!-- com.restAssuredFramework.testCaseClass.PostApiTest -->
    </test> <!-- Default test -->
  </suite> <!-- Default suite -->
</testng-results>
